2021-01-06_14:57:53
Input file does not exist for 294K simulation
Input file does not exist for 295K simulation
Input file does not exist for 296K simulation
Input file does not exist for 297K simulation
Input file does not exist for 298K simulation
Input file does not exist for 299K simulation
Input file does not exist for 300K simulation
Input file does not exist for 301K simulation
Data file was not created for 294K simulation
Data file was not created for 295K simulation
Data file was not created for 296K simulation
Data file was not created for 297K simulation
Data file was not created for 298K simulation
Data file was not created for 299K simulation
Data file was not created for 300K simulation
Data file was not created for 301K simulation
2021-01-06_14:58:06
294K input file found: Ready to copy 294K data
295K input file found: Ready to copy 295K data
296K input file found: Ready to copy 296K data
297K input file found: Ready to copy 297K data
298K input file found: Ready to copy 298K data
299K input file found: Ready to copy 299K data
300K input file found: Ready to copy 300K data
301K input file found: Ready to copy 301K data
294K input file found: Ready to remove 294K data
295K input file found: Ready to remove 295K data
296K input file found: Ready to remove 296K data
297K input file found: Ready to remove 297K data
298K input file found: Ready to remove 298K data
299K input file found: Ready to remove 299K data
300K input file found: Ready to remove 300K data
301K input file found: Ready to remove 301K data
2021-01-13_22:44:14
294K input file found: Ready to copy 294K data
295K input file found: Ready to copy 295K data
296K input file found: Ready to copy 296K data
297K input file found: Ready to copy 297K data
298K input file found: Ready to copy 298K data
299K input file found: Ready to copy 299K data
300K input file found: Ready to copy 300K data
301K input file found: Ready to copy 301K data
294K input file found: Ready to remove 294K data
295K input file found: Ready to remove 295K data
296K input file found: Ready to remove 296K data
297K input file found: Ready to remove 297K data
298K input file found: Ready to remove 298K data
299K input file found: Ready to remove 299K data
300K input file found: Ready to remove 300K data
301K input file found: Ready to remove 301K data
